<?xml version="1.0" encoding="UTF-8"?>
<!-- Generated by org.testng.reporters.JUnitReportReporter -->
<testsuite hostname="DELL-PC" name="apiChecklist.Register_TestNG" tests="1" failures="0" timestamp="11 Nov 2014 03:06:57 GMT" time="26.918" errors="0">
  <testcase name="Register" time="26.918" classname="apiChecklist.Register_TestNG"/>
</testsuite> <!-- apiChecklist.Register_TestNG -->
